<?xml version="1.0" encoding="UTF-8"?>
<testsuite xmlns:xsi="http://www.w3.org/2001/XMLSchema-instance" xsi:schemaLocation="https://maven.apache.org/surefire/maven-surefire-plugin/xsd/surefire-test-report.xsd" name="TestSuite" time="82.683" tests="5" errors="0" skipped="0" failures="3">
  <properties>
[...]
</properties>
  <testcase name="addNewCustomer" classname="com.inetBanking.testCases.TC_NewCustomer_003" time="19.039"/>
  <testcase name="loginDDT" classname="com.inetBanking.testCases.TC_loginTest_001" time="8.731"/>
  <testcase name="loginDDT" classname="com.inetBanking.testCases.TC_loginTest_001" time="4.127">
    <failure message="expected [true] but found [false]" type="java.lang.AssertionError">java.lang.AssertionError: expected [true] but found [false]
	at com.inetBanking.testCases.TC_loginTest_001.loginDDT(TC_loginTest_001.java:58)
</failure>
    <system-out><![CDATA[03-29-2020 11:13:50 TC_loginTest_001.java INFO  [main] inetBanking 48 - Entered UserName
03-29-2020 11:13:50 TC_loginTest_001.java INFO  [main] inetBanking 50 - Entered Password
Screenshot taken
]]></system-out>
    <system-err><![CDATA[[1585460632.416][SEVERE]: Timed out receiving message from renderer: 0.100
[1585460632.519][SEVERE]: Timed out receiving message from renderer: 0.100
[1585460632.621][SEVERE]: Timed out receiving message from renderer: 0.100
[1585460632.725][SEVERE]: Timed out receiving message from renderer: 0.100
[1585460632.828][SEVERE]: Timed out receiving message from renderer: 0.100
[1585460633.031][SEVERE]: Timed out receiving message from renderer: 0.100
[1585460633.133][SEVERE]: Timed out receiving message from renderer: 0.100
[1585460633.238][SEVERE]: Timed out receiving message from renderer: 0.100
[1585460633.340][SEVERE]: Timed out receiving message from renderer: 0.100
[1585460633.443][SEVERE]: Timed out receiving message from renderer: 0.100
[1585460633.547][SEVERE]: Timed out receiving message from renderer: 0.100
[1585460633.707][SEVERE]: Timed out receiving message from renderer: 0.100
[1585460633.809][SEVERE]: Timed out receiving message from renderer: 0.100
]]></system-err>
  </testcase>
  <testcase name="loginDDT" classname="com.inetBanking.testCases.TC_loginTest_001" time="2.667">
    <failure message="expected [true] but found [false]" type="java.lang.AssertionError">java.lang.AssertionError: expected [true] but found [false]
	at com.inetBanking.testCases.TC_loginTest_001.loginDDT(TC_loginTest_001.java:58)
</failure>
    <system-out><![CDATA[03-29-2020 11:13:54 TC_loginTest_001.java INFO  [main] inetBanking 48 - Entered UserName
03-29-2020 11:13:54 TC_loginTest_001.java INFO  [main] inetBanking 50 - Entered Password
Screenshot taken
]]></system-out>
    <system-err><![CDATA[[1585460636.269][SEVERE]: Timed out receiving message from renderer: 0.100
[1585460636.371][SEVERE]: Timed out receiving message from renderer: 0.100
[1585460636.475][SEVERE]: Timed out receiving message from renderer: 0.100
[1585460636.667][SEVERE]: Timed out receiving message from renderer: 0.100
[1585460636.772][SEVERE]: Timed out receiving message from renderer: 0.100
]]></system-err>
  </testcase>
  <testcase name="loginDDT" classname="com.inetBanking.testCases.TC_loginTest_001" time="2.905">
    <failure message="expected [true] but found [false]" type="java.lang.AssertionError">java.lang.AssertionError: expected [true] but found [false]
	at com.inetBanking.testCases.TC_loginTest_001.loginDDT(TC_loginTest_001.java:58)
</failure>
    <system-out><![CDATA[03-29-2020 11:13:57 TC_loginTest_001.java INFO  [main] inetBanking 48 - Entered UserName
03-29-2020 11:13:57 TC_loginTest_001.java INFO  [main] inetBanking 50 - Entered Password
Screenshot taken
]]></system-out>
    <system-err><![CDATA[[1585460638.824][SEVERE]: Timed out receiving message from renderer: 0.100
[1585460638.926][SEVERE]: Timed out receiving message from renderer: 0.100
[1585460639.029][SEVERE]: Timed out receiving message from renderer: 0.100
[1585460639.312][SEVERE]: Timed out receiving message from renderer: 0.100
[1585460639.499][SEVERE]: Timed out receiving message from renderer: 0.100
[1585460639.647][SEVERE]: Timed out receiving message from renderer: 0.100
[1585460639.750][SEVERE]: Timed out receiving message from renderer: 0.100
]]></system-err>
  </testcase>
</testsuite>