<?xml version="1.0" encoding="UTF-8"?>
<testsuite xmlns:xsi="http://www.w3.org/2001/XMLSchema-instance" xsi:schemaLocation="https://maven.apache.org/surefire/maven-surefire-plugin/xsd/surefire-test-report.xsd" name="TestSuite" time="82.683" tests="5" errors="0" skipped="0" failures="3">
  <properties>
    <property name="java.runtime.name" value="Java(TM) SE Runtime Environment"/>
    <property name="sun.boot.library.path" value="C:\Program Files\Java\jdk1.8.0_221\jre\bin"/>
    <property name="java.vm.version" value="25.221-b11"/>
    <property name="java.vm.vendor" value="Oracle Corporation"/>
    <property name="maven.multiModuleProjectDirectory" value="C:\Users\Mallik\eclipse-workspace\inetBankingFramework"/>
    <property name="java.vendor.url" value="http://java.oracle.com/"/>
    <property name="path.separator" value=";"/>
    <property name="guice.disable.misplaced.annotation.check" value="true"/>
    <property name="java.vm.name" value="Java HotSpot(TM) 64-Bit Server VM"/>
    <property name="file.encoding.pkg" value="sun.io"/>
    <property name="user.script" value=""/>
    <property name="user.country" value="IN"/>
    <property name="sun.java.launcher" value="SUN_STANDARD"/>
    <property name="sun.os.patch.level" value=""/>
    <property name="java.vm.specification.name" value="Java Virtual Machine Specification"/>
    <property name="user.dir" value="C:\Users\Mallik\eclipse-workspace\inetBankingFramework"/>
    <property name="java.runtime.version" value="1.8.0_221-b11"/>
    <property name="java.awt.graphicsenv" value="sun.awt.Win32GraphicsEnvironment"/>
    <property name="java.endorsed.dirs" value="C:\Program Files\Java\jdk1.8.0_221\jre\lib\endorsed"/>
    <property name="os.arch" value="amd64"/>
    <property name="java.io.tmpdir" value="C:\WINDOWS\TEMP\"/>
    <property name="line.separator" value="&#10;"/>
    <property name="java.vm.specification.vendor" value="Oracle Corporation"/>
    <property name="user.variant" value=""/>
    <property name="os.name" value="Windows 10"/>
    <property name="classworlds.conf" value="C:\apache-maven-3.6.3\bin\..\bin\m2.conf"/>
    <property name="sun.jnu.encoding" value="Cp1252"/>
    <property name="java.library.path" value="C:\Program Files\Java\jdk1.8.0_221\bin;C:\WINDOWS\Sun\Java\bin;C:\WINDOWS\system32;C:\WINDOWS;C:\Program Files (x86)\Common Files\Oracle\Java\javapath;C:\WINDOWS\system32;C:\WINDOWS;C:\WINDOWS\System32\Wbem;C:\WINDOWS\System32\WindowsPowerShell\v1.0\;C:\WINDOWS\System32\OpenSSH\;C:\Program Files\Java\jdk1.8.0_221\bin;C:\Program Files\Java\jdk1.8.0_221\bin;C:\apache-maven-3.6.3\bin;C:\apache-maven-3.6.3\bin;C:\WINDOWS\system32\config\systemprofile\AppData\Local\Microsoft\WindowsApps;."/>
    <property name="maven.conf" value="C:\apache-maven-3.6.3\bin\../conf"/>
    <property name="java.specification.name" value="Java Platform API Specification"/>
    <property name="java.class.version" value="52.0"/>
    <property name="sun.management.compiler" value="HotSpot 64-Bit Tiered Compilers"/>
    <property name="os.version" value="10.0"/>
    <property name="library.jansi.path" value="C:\apache-maven-3.6.3\bin\..\lib\jansi-native"/>
    <property name="user.home" value="C:\WINDOWS\system32\config\systemprofile"/>
    <property name="user.timezone" value="Asia/Calcutta"/>
    <property name="java.awt.printerjob" value="sun.awt.windows.WPrinterJob"/>
    <property name="java.specification.version" value="1.8"/>
    <property name="file.encoding" value="Cp1252"/>
    <property name="user.name" value="DESKTOP-9HQCIRO$"/>
    <property name="java.class.path" value="C:\apache-maven-3.6.3\bin\..\boot\plexus-classworlds-2.6.0.jar"/>
    <property name="java.vm.specification.version" value="1.8"/>
    <property name="sun.arch.data.model" value="64"/>
    <property name="java.home" value="C:\Program Files\Java\jdk1.8.0_221\jre"/>
    <property name="sun.java.command" value="org.codehaus.plexus.classworlds.launcher.Launcher clean install"/>
    <property name="java.specification.vendor" value="Oracle Corporation"/>
    <property name="user.language" value="en"/>
    <property name="awt.toolkit" value="sun.awt.windows.WToolkit"/>
    <property name="java.vm.info" value="mixed mode"/>
    <property name="java.version" value="1.8.0_221"/>
    <property name="java.ext.dirs" value="C:\Program Files\Java\jdk1.8.0_221\jre\lib\ext;C:\WINDOWS\Sun\Java\lib\ext"/>
    <property name="sun.boot.class.path" value="C:\Program Files\Java\jdk1.8.0_221\jre\lib\resources.jar;C:\Program Files\Java\jdk1.8.0_221\jre\lib\rt.jar;C:\Program Files\Java\jdk1.8.0_221\jre\lib\sunrsasign.jar;C:\Program Files\Java\jdk1.8.0_221\jre\lib\jsse.jar;C:\Program Files\Java\jdk1.8.0_221\jre\lib\jce.jar;C:\Program Files\Java\jdk1.8.0_221\jre\lib\charsets.jar;C:\Program Files\Java\jdk1.8.0_221\jre\lib\jfr.jar;C:\Program Files\Java\jdk1.8.0_221\jre\classes"/>
    <property name="java.vendor" value="Oracle Corporation"/>
    <property name="maven.home" value="C:\apache-maven-3.6.3\bin\.."/>
    <property name="file.separator" value="\"/>
    <property name="java.vendor.url.bug" value="http://bugreport.sun.com/bugreport/"/>
    <property name="sun.cpu.endian" value="little"/>
    <property name="sun.io.unicode.encoding" value="UnicodeLittle"/>
    <property name="sun.desktop" value="windows"/>
    <property name="sun.cpu.isalist" value="amd64"/>
  </properties>
  <testcase name="addNewCustomer" classname="com.inetBanking.testCases.TC_NewCustomer_003" time="19.039"/>
  <testcase name="loginDDT" classname="com.inetBanking.testCases.TC_loginTest_001" time="8.731"/>
  <testcase name="loginDDT" classname="com.inetBanking.testCases.TC_loginTest_001" time="4.127">
    <failure message="expected [true] but found [false]" type="java.lang.AssertionError">java.lang.AssertionError: expected [true] but found [false]
	at com.inetBanking.testCases.TC_loginTest_001.loginDDT(TC_loginTest_001.java:58)
</failure>
    <system-out><![CDATA[03-29-2020 11:13:50 TC_loginTest_001.java INFO  [main] inetBanking 48 - Entered UserName
03-29-2020 11:13:50 TC_loginTest_001.java INFO  [main] inetBanking 50 - Entered Password
Screenshot taken
]]></system-out>
    <system-err><![CDATA[[1585460632.416][SEVERE]: Timed out receiving message from renderer: 0.100
[1585460632.519][SEVERE]: Timed out receiving message from renderer: 0.100
[1585460632.621][SEVERE]: Timed out receiving message from renderer: 0.100
[1585460632.725][SEVERE]: Timed out receiving message from renderer: 0.100
[1585460632.828][SEVERE]: Timed out receiving message from renderer: 0.100
[1585460633.031][SEVERE]: Timed out receiving message from renderer: 0.100
[1585460633.133][SEVERE]: Timed out receiving message from renderer: 0.100
[1585460633.238][SEVERE]: Timed out receiving message from renderer: 0.100
[1585460633.340][SEVERE]: Timed out receiving message from renderer: 0.100
[1585460633.443][SEVERE]: Timed out receiving message from renderer: 0.100
[1585460633.547][SEVERE]: Timed out receiving message from renderer: 0.100
[1585460633.707][SEVERE]: Timed out receiving message from renderer: 0.100
[1585460633.809][SEVERE]: Timed out receiving message from renderer: 0.100
]]></system-err>
  </testcase>
  <testcase name="loginDDT" classname="com.inetBanking.testCases.TC_loginTest_001" time="2.667">
    <failure message="expected [true] but found [false]" type="java.lang.AssertionError">java.lang.AssertionError: expected [true] but found [false]
	at com.inetBanking.testCases.TC_loginTest_001.loginDDT(TC_loginTest_001.java:58)
</failure>
    <system-out><![CDATA[03-29-2020 11:13:54 TC_loginTest_001.java INFO  [main] inetBanking 48 - Entered UserName
03-29-2020 11:13:54 TC_loginTest_001.java INFO  [main] inetBanking 50 - Entered Password
Screenshot taken
]]></system-out>
    <system-err><![CDATA[[1585460636.269][SEVERE]: Timed out receiving message from renderer: 0.100
[1585460636.371][SEVERE]: Timed out receiving message from renderer: 0.100
[1585460636.475][SEVERE]: Timed out receiving message from renderer: 0.100
[1585460636.667][SEVERE]: Timed out receiving message from renderer: 0.100
[1585460636.772][SEVERE]: Timed out receiving message from renderer: 0.100
]]></system-err>
  </testcase>
  <testcase name="loginDDT" classname="com.inetBanking.testCases.TC_loginTest_001" time="2.905">
    <failure message="expected [true] but found [false]" type="java.lang.AssertionError">java.lang.AssertionError: expected [true] but found [false]
	at com.inetBanking.testCases.TC_loginTest_001.loginDDT(TC_loginTest_001.java:58)
</failure>
    <system-out><![CDATA[03-29-2020 11:13:57 TC_loginTest_001.java INFO  [main] inetBanking 48 - Entered UserName
03-29-2020 11:13:57 TC_loginTest_001.java INFO  [main] inetBanking 50 - Entered Password
Screenshot taken
]]></system-out>
    <system-err><![CDATA[[1585460638.824][SEVERE]: Timed out receiving message from renderer: 0.100
[1585460638.926][SEVERE]: Timed out receiving message from renderer: 0.100
[1585460639.029][SEVERE]: Timed out receiving message from renderer: 0.100
[1585460639.312][SEVERE]: Timed out receiving message from renderer: 0.100
[1585460639.499][SEVERE]: Timed out receiving message from renderer: 0.100
[1585460639.647][SEVERE]: Timed out receiving message from renderer: 0.100
[1585460639.750][SEVERE]: Timed out receiving message from renderer: 0.100
]]></system-err>
  </testcase>
</testsuite>